INPUT: '#FFFFFF'
PARSED HEX: &H00FFFFFF&
INPUT: '#00FF00'
PARSED HEX: &H0000FF00&
INPUT: '#000000'
PARSED HEX: &H00000000&
INPUT: '#000000'
PARSED HEX: &H00000000&
INPUT: '#FFFFFF'
PARSED HEX: &H00FFFFFF&
INPUT: '#00FF00'
PARSED HEX: &H0000FF00&
INPUT: '#000000'
PARSED HEX: &H00000000&
INPUT: '#000000'
PARSED HEX: &H00000000&
INPUT: '#FFFFFF'
PARSED HEX: &H00FFFFFF&
INPUT: '#00FF00'
PARSED HEX: &H0000FF00&
INPUT: '#000000'
PARSED HEX: &H00000000&
INPUT: '#000000'
PARSED HEX: &H00000000&
INPUT: '#FFFFFF'
PARSED HEX: &H00FFFFFF&
INPUT: '#00FF00'
PARSED HEX: &H0000FF00&
INPUT: '#000000'
PARSED HEX: &H00000000&
INPUT: '#000000'
PARSED HEX: &H00000000&
INPUT: '#FFFFFF'
PARSED HEX: &H00FFFFFF&
INPUT: '#00FF00'
PARSED HEX: &H0000FF00&
INPUT: '#000000'
PARSED HEX: &H00000000&
INPUT: '#000000'
PARSED HEX: &H00000000&
INPUT: '#FFFFFF'
PARSED HEX: &H00FFFFFF&
INPUT: '#00FF00'
PARSED HEX: &H0000FF00&
INPUT: '#000000'
PARSED HEX: &H00000000&
INPUT: '#000000'
PARSED HEX: &H00000000&
INPUT: '#FFFFFF'
PARSED HEX: &H00FFFFFF&
INPUT: '#00FF00'
PARSED HEX: &H0000FF00&
INPUT: '#000000'
PARSED HEX: &H00000000&
INPUT: '#000000'
PARSED HEX: &H00000000&
INPUT: '#FFFFFF'
PARSED HEX: &H00FFFFFF&
INPUT: '#00FF00'
PARSED HEX: &H0000FF00&
INPUT: '#000000'
PARSED HEX: &H00000000&
INPUT: '#000000'
PARSED HEX: &H00000000&
INPUT: '#FFFFFF'
PARSED HEX: &H00FFFFFF&
INPUT: '#00FF00'
PARSED HEX: &H0000FF00&
INPUT: '#000000'
PARSED HEX: &H00000000&
INPUT: '#000000'
PARSED HEX: &H00000000&
INPUT: '#FFFFFF'
PARSED HEX: &H00FFFFFF&
INPUT: '#00FF00'
PARSED HEX: &H0000FF00&
INPUT: '#000000'
PARSED HEX: &H00000000&
INPUT: '#000000'
PARSED HEX: &H00000000&
INPUT: '#FFFFFF'
PARSED HEX: &H00FFFFFF&
INPUT: '#00FF00'
PARSED HEX: &H0000FF00&
INPUT: '#000000'
PARSED HEX: &H00000000&
INPUT: '#000000'
PARSED HEX: &H00000000&
