PREVIEW INPUT: '#FFFFFF'
PREVIEW INPUT: '#00FF00'
PREVIEW INPUT: '#000000'
PREVIEW INPUT: '#000000'
PREVIEW INPUT: '#FFFFFF'
PREVIEW INPUT: '#FFD700'
PREVIEW INPUT: '#000000'
PREVIEW INPUT: '#000000'
PREVIEW INPUT: '#FFFFFF'
PREVIEW INPUT: '#00FFAA'
PREVIEW INPUT: '#000000'
PREVIEW INPUT: '#000000'
PREVIEW INPUT: '#FFFFFF'
PREVIEW INPUT: '#FFFFFF'
PREVIEW INPUT: '#000000'
PREVIEW INPUT: '#000000'
PREVIEW INPUT: '#00FF00'
PREVIEW INPUT: '#00FF00'
PREVIEW INPUT: '#000000'
PREVIEW INPUT: '#000000'
PREVIEW INPUT: '#FFFFFF'
PREVIEW INPUT: '#00FF00'
PREVIEW INPUT: '#000000'
PREVIEW INPUT: '#000000'
PREVIEW INPUT: '#FFFFFF'
PREVIEW INPUT: '#00FF00'
PREVIEW INPUT: '#000000'
PREVIEW INPUT: '#000000'
PREVIEW INPUT: '#FFFFFF'
PREVIEW INPUT: '#00FF00'
PREVIEW INPUT: '#000000'
PREVIEW INPUT: '#000000'
PREVIEW INPUT: '#FFFFFF'
PREVIEW INPUT: '#00FF00'
PREVIEW INPUT: '#000000'
PREVIEW INPUT: '#000000'
PREVIEW INPUT: '#FFFFFF'
PREVIEW INPUT: '#00FF00'
PREVIEW INPUT: '#00000'
PREVIEW INPUT: '#000000'
PREVIEW INPUT: '#FFFFFF'
PREVIEW INPUT: '#00FF00'
PREVIEW INPUT: '#00000'
PREVIEW INPUT: '#000000'
PREVIEW INPUT: '#FFFFFF'
PREVIEW INPUT: '#00FF00'
PREVIEW INPUT: '#00000'
PREVIEW INPUT: '#000000'
PREVIEW INPUT: '#FFFFFF'
PREVIEW INPUT: '#00FF00'
PREVIEW INPUT: '#00000'
PREVIEW INPUT: '#000000'
PREVIEW INPUT: '#FFFFFF'
PREVIEW INPUT: '#00FF00'
PREVIEW INPUT: '#00000'
PREVIEW INPUT: '#000000'
PREVIEW INPUT: '#FFFFFF'
PREVIEW INPUT: '#00FF00'
PREVIEW INPUT: '#00000'
PREVIEW INPUT: '#000000'
